#
# There is insufficient memory for the Java Runtime Environment to continue.
# Native memory allocation (malloc) failed to allocate 1105456 bytes for Chunk::new
# Possible reasons:
#   The system is out of physical RAM or swap space
#   In 32 bit mode, the process size limit was hit
# Possible solutions:
#   Reduce memory load on the system
#   Increase physical memory or swap space
#   Check if swap backing store is full
#   Use 64 bit Java on a 64 bit OS
#   Decrease Java heap size (-Xmx/-Xms)
#   Decrease number of Java threads
#   Decrease Java thread stack sizes (-Xss)
#   Set larger code cache with -XX:ReservedCodeCacheSize=
# This output file may be truncated or incomplete.
#
#  Out of Memory Error (allocation.cpp:390), pid=10192, tid=0x0000000000002694
#
# JRE version: OpenJDK Runtime Environment (8.0_152-b01) (build 1.8.0_152-release-915-b01)
# Java VM: OpenJDK 64-Bit Server VM (25.152-b01 mixed mode windows-amd64 compressed oops)
# Failed to write core dump. Minidumps are not enabled by default on client versions of Windows
#

---------------  T H R E A D  ---------------

Current thread (0x00000000572fa800):  JavaThread "C2 CompilerThread0" daemon [_thread_in_native, id=9876, stack(0x0000000057ad0000,0x0000000057bd0000)]

Stack: [0x0000000057ad0000,0x0000000057bd0000]
[error occurred during error reporting (printing stack bounds), id 0xc0000005]

Native frames: (J=compiled Java code, j=interpreted, Vv=VM code, C=native code)


Current CompileTask:
C2:   8480 4400       4       java.lang.reflect.Method::toString (20 bytes)


---------------  P R O C E S S  ---------------

Java Threads: ( => current thread )
  0x000000005731b800 JavaThread "Memory manager" [_thread_blocked, id=9316, stack(0x0000000061c60000,0x0000000061d60000)]
  0x000000005731a000 JavaThread "build operations Thread 4" [_thread_blocked, id=8740, stack(0x0000000061220000,0x0000000061320000)]
  0x0000000057319800 JavaThread "build operations Thread 3" [_thread_blocked, id=9232, stack(0x0000000061040000,0x0000000061140000)]
  0x0000000057318800 JavaThread "build operations Thread 2" [_thread_blocked, id=9256, stack(0x0000000060f10000,0x0000000061010000)]
  0x0000000057318000 JavaThread "build operations" [_thread_blocked, id=9260, stack(0x000000005ced0000,0x000000005cfd0000)]
  0x0000000057314000 JavaThread "Cache worker for Artifact transforms cache (C:\Users\Administrator\.gradle\caches\transforms-1)" [_thread_blocked, id=5568, stack(0x000000005e470000,0x000000005e570000)]
  0x00000000594b7800 JavaThread "Cache worker for file hash cache (E:\zhh\MyAndroidProjects\LearnAndroidMVP\.gradle\4.1\fileHashes)" [_thread_blocked, id=8888, stack(0x000000005a1a0000,0x000000005a2a0000)]
  0x0000000058fa9800 JavaThread "File lock request listener" [_thread_in_native, id=8636, stack(0x000000005ac00000,0x000000005ad00000)]
  0x0000000058fc0000 JavaThread "Cache worker for file hash cache (C:\Users\Administrator\.gradle\caches\4.1\fileHashes)" [_thread_blocked, id=9712, stack(0x000000005ab00000,0x000000005ac00000)]
  0x0000000058ea5000 JavaThread "Stdin handler" [_thread_blocked, id=908, stack(0x000000005a760000,0x000000005a860000)]
  0x0000000058eb3000 JavaThread "Asynchronous log dispatcher for DefaultDaemonConnection: socket connection from /127.0.0.1:54306 to /127.0.0.1:54307" [_thread_blocked, id=9708, stack(0x000000005a5c0000,0x000000005a6c0000)]
  0x0000000058ead800 JavaThread "Daemon worker" [_thread_blocked, id=10160, stack(0x000000005a3f0000,0x000000005a4f0000)]
  0x0000000058ec2000 JavaThread "Cancel handler" [_thread_blocked, id=10112, stack(0x000000005a2b0000,0x000000005a3b0000)]
  0x0000000058e94800 JavaThread "Handler for socket connection from /127.0.0.1:54306 to /127.0.0.1:54307" [_thread_in_native, id=10100, stack(0x0000000059e50000,0x0000000059f50000)]
  0x0000000058e8f000 JavaThread "Daemon" [_thread_blocked, id=10116, stack(0x0000000059be0000,0x0000000059ce0000)]
  0x0000000058e2e800 JavaThread "Daemon periodic checks" [_thread_blocked, id=10120, stack(0x0000000059d40000,0x0000000059e40000)]
  0x0000000058dbc800 JavaThread "Incoming local TCP Connector on port 54306" [_thread_in_native, id=10132, stack(0x0000000059940000,0x0000000059a40000)]
  0x00000000573a5800 JavaThread "Service Thread" daemon [_thread_blocked, id=10156, stack(0x00000000579d0000,0x0000000057ad0000)]
  0x0000000057311000 JavaThread "C1 CompilerThread2" daemon [_thread_blocked, id=10164, stack(0x0000000057e70000,0x0000000057f70000)]
  0x0000000057310800 JavaThread "C2 CompilerThread1" daemon [_thread_in_native, id=9972, stack(0x0000000057c70000,0x0000000057d70000)]
=>0x00000000572fa800 JavaThread "C2 CompilerThread0" daemon [_thread_in_native, id=9876, stack(0x0000000057ad0000,0x0000000057bd0000)]
  0x0000000055fe0800 JavaThread "Attach Listener" daemon [_thread_blocked, id=7192, stack(0x00000000578a0000,0x00000000579a0000)]
  0x0000000055fef000 JavaThread "Signal Dispatcher" daemon [_thread_blocked, id=9856, stack(0x0000000057730000,0x0000000057830000)]
  0x0000000055fc8800 JavaThread "Finalizer" daemon [_thread_blocked, id=1844, stack(0x00000000571f0000,0x00000000572f0000)]
  0x0000000055f81800 JavaThread "Reference Handler" daemon [_thread_blocked, id=10188, stack(0x0000000056e20000,0x0000000056f20000)]
  0x000000000029f000 JavaThread "main" [_thread_blocked, id=9436, stack(0x0000000002250000,0x0000000002350000)]

Other Threads:
  0x0000000055f7a000 VMThread [stack: 0x0000000056f70000,0x0000000057070000] [id=9440]
  0x000000005735d800 WatcherThread [stack: 0x00000000570b0000,0x00000000571b0000] [id=10148]

VM state:at safepoint (normal execution)

VM Mutex/Monitor currently owned by a thread:  ([mutex/lock_event])
[0x000000000029cb50] Threads_lock - owner thread: 0x0000000055f7a000
[0x000000000029d050] Heap_lock - owner thread: 0x0000000057311000
[0x000000000029d5d0] MethodData_lock - owner thread: 0x0000000057311000

Heap:
 PSYoungGen      total 71680K, used 3343K [0x00000000e0000000, 0x00000000e4b00000, 0x0000000100000000)
  eden space 66560K, 0% used [0x00000000e0000000,0x00000000e0000000,0x00000000e4100000)
  from space 5120K, 65% used [0x00000000e4600000,0x00000000e4943f30,0x00000000e4b00000)
  to   space 5120K, 0% used [0x00000000e4100000,0x00000000e4100000,0x00000000e4600000)
 ParOldGen       total 76800K, used 19030K [0x00000000a0000000, 0x00000000a4b00000, 0x00000000e0000000)
  object space 76800K, 24% used [0x00000000a0000000,0x00000000a1295a20,0x00000000a4b00000)
 Metaspace       used 41441K, capacity 42300K, committed 42456K, reserved 1089536K
  class space    used 5515K, capacity 5857K, committed 5888K, reserved 1048576K

Card table byte_map: [0x0000000011710000,0x0000000011a20000] byte_map_base: 0x0000000011210000

Marking Bits: (ParMarkBitMap*) 0x0000000065a33950
 Begin Bits: [0x00000000122f0000, 0x0000000013af0000)
 End Bits:   [0x0000000013af0000, 0x00000000152f0000)

Polling page: 0x0000000000240000

CodeCache: size=245760Kb used=16135Kb max_used=16135Kb free=229624Kb
 bounds [0x0000000002350000, 0x0000000003320000, 0x0000000011350000]
 total_blobs=5101 nmethods=4364 adapters=649
 compilation: enabled

Compilation events (10 events):
Event: 8.447 Thread 0x0000000057311000 4643       2       org.gradle.internal.reflect.MutableClassDetails::superType (12 bytes)
Event: 8.447 Thread 0x0000000057311000 nmethod 4643 0x000000000331a9d0 code [0x000000000331ab40, 0x000000000331acc8]
Event: 8.447 Thread 0x0000000057311000 4644       2       org.gradle.api.internal.AbstractClassGenerator$PropertyMetaData::<init> (43 bytes)
Event: 8.447 Thread 0x0000000057311000 nmethod 4644 0x000000000331ad50 code [0x000000000331aec0, 0x000000000331b190]
Event: 8.449 Thread 0x0000000057311000 4645       1       org.gradle.api.internal.DefaultDomainObjectCollection::getStore (5 bytes)
Event: 8.449 Thread 0x0000000057311000 nmethod 4645 0x000000000331b290 code [0x000000000331b3e0, 0x000000000331b4f0]
Event: 8.450 Thread 0x0000000057311000 4646       1       org.gradle.model.internal.core.AbstractModelAction::getSubject (5 bytes)
Event: 8.450 Thread 0x0000000057311000 nmethod 4646 0x000000000331b550 code [0x000000000331b6a0, 0x000000000331b7b0]
Event: 8.450 Thread 0x0000000057311000 4647       2       org.gradle.model.internal.registry.ModelNodeInternal::isAtLeast (17 bytes)
Event: 8.451 Thread 0x0000000057311000 nmethod 4647 0x000000000331b810 code [0x000000000331b980, 0x000000000331bb38]

GC Heap History (10 events):
Event: 5.760 GC heap before
{Heap before GC invocations=7 (full 1):
 PSYoungGen      total 71680K, used 71672K [0x00000000e0000000, 0x00000000e4b00000, 0x0000000100000000)
  eden space 66560K, 100% used [0x00000000e0000000,0x00000000e4100000,0x00000000e4100000)
  from space 5120K, 99% used [0x00000000e4100000,0x00000000e45fe228,0x00000000e4600000)
  to   space 5120K, 0% used [0x00000000e4600000,0x00000000e4600000,0x00000000e4b00000)
 ParOldGen       total 58880K, used 10583K [0x00000000a0000000, 0x00000000a3980000, 0x00000000e0000000)
  object space 58880K, 17% used [0x00000000a0000000,0x00000000a0a55ef0,0x00000000a3980000)
 Metaspace       used 31171K, capacity 31910K, committed 32000K, reserved 1077248K
  class space    used 4299K, capacity 4584K, committed 4608K, reserved 1048576K
Event: 5.772 GC heap after
Heap after GC invocations=7 (full 1):
 PSYoungGen      total 71680K, used 5092K [0x00000000e0000000, 0x00000000e4b00000, 0x0000000100000000)
  eden space 66560K, 0% used [0x00000000e0000000,0x00000000e0000000,0x00000000e4100000)
  from space 5120K, 99% used [0x00000000e4600000,0x00000000e4af9030,0x00000000e4b00000)
  to   space 5120K, 0% used [0x00000000e4100000,0x00000000e4100000,0x00000000e4600000)
 ParOldGen       total 58880K, used 15025K [0x00000000a0000000, 0x00000000a3980000, 0x00000000e0000000)
  object space 58880K, 25% used [0x00000000a0000000,0x00000000a0eac6d8,0x00000000a3980000)
 Metaspace       used 31171K, capacity 31910K, committed 32000K, reserved 1077248K
  class space    used 4299K, capacity 4584K, committed 4608K, reserved 1048576K
}
Event: 7.534 GC heap before
{Heap before GC invocations=8 (full 1):
 PSYoungGen      total 71680K, used 71652K [0x00000000e0000000, 0x00000000e4b00000, 0x0000000100000000)
  eden space 66560K, 100% used [0x00000000e0000000,0x00000000e4100000,0x00000000e4100000)
  from space 5120K, 99% used [0x00000000e4600000,0x00000000e4af9030,0x00000000e4b00000)
  to   space 5120K, 0% used [0x00000000e4100000,0x00000000e4100000,0x00000000e4600000)
 ParOldGen       total 58880K, used 15025K [0x00000000a0000000, 0x00000000a3980000, 0x00000000e0000000)
  object space 58880K, 25% used [0x00000000a0000000,0x00000000a0eac6d8,0x00000000a3980000)
 Metaspace       used 33847K, capacity 34506K, committed 34560K, reserved 1079296K
  class space    used 4586K, capacity 4850K, committed 4864K, reserved 1048576K
Event: 7.540 GC heap after
Heap after GC invocations=8 (full 1):
 PSYoungGen      total 71680K, used 5092K [0x00000000e0000000, 0x00000000e4b00000, 0x0000000100000000)
  eden space 66560K, 0% used [0x00000000e0000000,0x00000000e0000000,0x00000000e4100000)
  from space 5120K, 99% used [0x00000000e4100000,0x00000000e45f90c0,0x00000000e4600000)
  to   space 5120K, 0% used [0x00000000e4600000,0x00000000e4600000,0x00000000e4b00000)
 ParOldGen       total 58880K, used 18685K [0x00000000a0000000, 0x00000000a3980000, 0x00000000e0000000)
  object space 58880K, 31% used [0x00000000a0000000,0x00000000a123f648,0x00000000a3980000)
 Metaspace       used 33847K, capacity 34506K, committed 34560K, reserved 1079296K
  class space    used 4586K, capacity 4850K, committed 4864K, reserved 1048576K
}
Event: 7.586 GC heap before
{Heap before GC invocations=9 (full 1):
 PSYoungGen      total 71680K, used 9846K [0x00000000e0000000, 0x00000000e4b00000, 0x0000000100000000)
  eden space 66560K, 7% used [0x00000000e0000000,0x00000000e04a4b18,0x00000000e4100000)
  from space 5120K, 99% used [0x00000000e4100000,0x00000000e45f90c0,0x00000000e4600000)
  to   space 5120K, 0% used [0x00000000e4600000,0x00000000e4600000,0x00000000e4b00000)
 ParOldGen       total 58880K, used 18685K [0x00000000a0000000, 0x00000000a3980000, 0x00000000e0000000)
  object space 58880K, 31% used [0x00000000a0000000,0x00000000a123f648,0x00000000a3980000)
 Metaspace       used 34614K, capacity 35312K, committed 35416K, reserved 1079296K
  class space    used 4656K, capacity 4947K, committed 4992K, reserved 1048576K
Event: 7.594 GC heap after
Heap after GC invocations=9 (full 1):
 PSYoungGen      total 71680K, used 5116K [0x00000000e0000000, 0x00000000e4b00000, 0x0000000100000000)
  eden space 66560K, 0% used [0x00000000e0000000,0x00000000e0000000,0x00000000e4100000)
  from space 5120K, 99% used [0x00000000e4600000,0x00000000e4aff0d0,0x00000000e4b00000)
  to   space 5120K, 0% used [0x00000000e4100000,0x00000000e4100000,0x00000000e4600000)
 ParOldGen       total 58880K, used 19658K [0x00000000a0000000, 0x00000000a3980000, 0x00000000e0000000)
  object space 58880K, 33% used [0x00000000a0000000,0x00000000a13329d8,0x00000000a3980000)
 Metaspace       used 34614K, capacity 35312K, committed 35416K, reserved 1079296K
  class space    used 4656K, capacity 4947K, committed 4992K, reserved 1048576K
}
Event: 7.594 GC heap before
{Heap before GC invocations=10 (full 2):
 PSYoungGen      total 71680K, used 5116K [0x00000000e0000000, 0x00000000e4b00000, 0x0000000100000000)
  eden space 66560K, 0% used [0x00000000e0000000,0x00000000e0000000,0x00000000e4100000)
  from space 5120K, 99% used [0x00000000e4600000,0x00000000e4aff0d0,0x00000000e4b00000)
  to   space 5120K, 0% used [0x00000000e4100000,0x00000000e4100000,0x00000000e4600000)
 ParOldGen       total 58880K, used 19658K [0x00000000a0000000, 0x00000000a3980000, 0x00000000e0000000)
  object space 58880K, 33% used [0x00000000a0000000,0x00000000a13329d8,0x00000000a3980000)
 Metaspace       used 34614K, capacity 35312K, committed 35416K, reserved 1079296K
  class space    used 4656K, capacity 4947K, committed 4992K, reserved 1048576K
Event: 7.649 GC heap after
Heap after GC invocations=10 (full 2):
 PSYoungGen      total 71680K, used 0K [0x00000000e0000000, 0x00000000e4b00000, 0x0000000100000000)
  eden space 66560K, 0% used [0x00000000e0000000,0x00000000e0000000,0x00000000e4100000)
  from space 5120K, 0% used [0x00000000e4600000,0x00000000e4600000,0x00000000e4b00000)
  to   space 5120K, 0% used [0x00000000e4100000,0x00000000e4100000,0x00000000e4600000)
 ParOldGen       total 76800K, used 17219K [0x00000000a0000000, 0x00000000a4b00000, 0x00000000e0000000)
  object space 76800K, 22% used [0x00000000a0000000,0x00000000a10d0f50,0x00000000a4b00000)
 Metaspace       used 34614K, capacity 35312K, committed 35416K, reserved 1079296K
  class space    used 4656K, capacity 4947K, committed 4992K, reserved 1048576K
}
Event: 8.406 GC heap before
{Heap before GC invocations=11 (full 2):
 PSYoungGen      total 71680K, used 66560K [0x00000000e0000000, 0x00000000e4b00000, 0x0000000100000000)
  eden space 66560K, 100% used [0x00000000e0000000,0x00000000e4100000,0x00000000e4100000)
  from space 5120K, 0% used [0x00000000e4600000,0x00000000e4600000,0x00000000e4b00000)
  to   space 5120K, 0% used [0x00000000e4100000,0x00000000e4100000,0x00000000e4600000)
 ParOldGen       total 76800K, used 17219K [0x00000000a0000000, 0x00000000a4b00000, 0x00000000e0000000)
  object space 76800K, 22% used [0x00000000a0000000,0x00000000a10d0f50,0x00000000a4b00000)
 Metaspace       used 41110K, capacity 41980K, committed 42200K, reserved 1085440K
  class space    used 5470K, capacity 5793K, committed 5888K, reserved 1048576K
Event: 8.413 GC heap after
Heap after GC invocations=11 (full 2):
 PSYoungGen      total 71680K, used 5100K [0x00000000e0000000, 0x00000000e4b00000, 0x0000000100000000)
  eden space 66560K, 0% used [0x00000000e0000000,0x00000000e0000000,0x00000000e4100000)
  from space 5120K, 99% used [0x00000000e4100000,0x00000000e45fb268,0x00000000e4600000)
  to   space 5120K, 0% used [0x00000000e4600000,0x00000000e4600000,0x00000000e4b00000)
 ParOldGen       total 76800K, used 19022K [0x00000000a0000000, 0x00000000a4b00000, 0x00000000e0000000)
  object space 76800K, 24% used [0x00000000a0000000,0x00000000a1293a20,0x00000000a4b00000)
 Metaspace       used 41110K, capacity 41980K, committed 42200K, reserved 1085440K
  class space    used 5470K, capacity 5793K, committed 5888K, reserved 1048576K
}

Deoptimization events (10 events):
Event: 7.927 Thread 0x0000000058ead800 Uncommon trap: reason=unstable_if action=reinterpret pc=0x0000000002451b4c method=java.lang.Integer.valueOf(I)Ljava/lang/Integer; @ 3
Event: 7.929 Thread 0x0000000058ead800 Uncommon trap: reason=bimorphic action=maybe_recompile pc=0x0000000002c87780 method=java.util.Arrays.binarySearch0([Ljava/lang/Object;IILjava/lang/Object;Ljava/util/Comparator;)I @ 48
Event: 7.929 Thread 0x0000000058ead800 Uncommon trap: reason=bimorphic action=maybe_recompile pc=0x0000000002c87780 method=java.util.Arrays.binarySearch0([Ljava/lang/Object;IILjava/lang/Object;Ljava/util/Comparator;)I @ 48
Event: 7.929 Thread 0x0000000058ead800 Uncommon trap: reason=bimorphic action=maybe_recompile pc=0x0000000002c87780 method=java.util.Arrays.binarySearch0([Ljava/lang/Object;IILjava/lang/Object;Ljava/util/Comparator;)I @ 48
Event: 7.929 Thread 0x0000000058ead800 Uncommon trap: reason=bimorphic action=maybe_recompile pc=0x0000000002c87780 method=java.util.Arrays.binarySearch0([Ljava/lang/Object;IILjava/lang/Object;Ljava/util/Comparator;)I @ 48
Event: 7.954 Thread 0x0000000058ead800 Uncommon trap: reason=unstable_if action=reinterpret pc=0x00000000031470fc method=java.security.CodeSource.hashCode()I @ 4
Event: 8.199 Thread 0x0000000058ead800 Uncommon trap: reason=unstable_if action=reinterpret pc=0x0000000002c31160 method=java.util.concurrent.ConcurrentHashMap.get(Ljava/lang/Object;)Ljava/lang/Object; @ 76
Event: 8.318 Thread 0x0000000058ead800 Uncommon trap: reason=unstable_if action=reinterpret pc=0x0000000002f1d604 method=java.util.HashMap.removeNode(ILjava/lang/Object;Ljava/lang/Object;ZZ)Ljava/util/HashMap$Node; @ 58
Event: 8.324 Thread 0x0000000058ead800 Uncommon trap: reason=unstable_if action=reinterpret pc=0x0000000002d92ac8 method=java.util.HashMap.putVal(ILjava/lang/Object;Ljava/lang/Object;ZZ)Ljava/lang/Object; @ 162
Event: 8.325 Thread 0x0000000058ead800 Uncommon trap: reason=unstable_if action=reinterpret pc=0x00000000025d3f3c method=java.util.HashMap.resize()[Ljava/util/HashMap$Node; @ 206

Classes redefined (0 events):
No events

Internal exceptions (10 events):
Event: 7.872 Thread 0x0000000058ead800 Exception <a 'java/lang/ClassNotFoundException': org/gradle/api/internal/project/ant/BasicAntBuilderBeanInfo> (0x00000000e0c127b8) thrown at [D:\src\AOSP-openjdk-cygwin\jdk8u\hotspot\src\share\vm\classfile\systemDictionary.cpp, line 210]
Event: 7.872 Thread 0x0000000058ead800 Exception <a 'java/lang/ClassNotFoundException': org/gradle/api/AntBuilderBeanInfo> (0x00000000e0c32d30) thrown at [D:\src\AOSP-openjdk-cygwin\jdk8u\hotspot\src\share\vm\classfile\systemDictionary.cpp, line 210]
Event: 7.873 Thread 0x0000000058ead800 Exception <a 'java/lang/ClassNotFoundException': groovy/util/AntBuilderBeanInfo> (0x00000000e0c51d88) thrown at [D:\src\AOSP-openjdk-cygwin\jdk8u\hotspot\src\share\vm\classfile\systemDictionary.cpp, line 210]
Event: 7.873 Thread 0x0000000058ead800 Exception <a 'java/lang/ClassNotFoundException': groovy/util/BuilderSupportBeanInfo> (0x00000000e0c722d8) thrown at [D:\src\AOSP-openjdk-cygwin\jdk8u\hotspot\src\share\vm\classfile\systemDictionary.cpp, line 210]
Event: 7.874 Thread 0x0000000058ead800 Exception <a 'java/lang/ClassNotFoundException': groovy/util/BuilderSupportCustomizer> (0x00000000e0c946b8) thrown at [D:\src\AOSP-openjdk-cygwin\jdk8u\hotspot\src\share\vm\classfile\systemDictionary.cpp, line 210]
Event: 7.874 Thread 0x0000000058ead800 Exception <a 'java/lang/ClassNotFoundException': groovy/util/AntBuilderCustomizer> (0x00000000e0cb7930) thrown at [D:\src\AOSP-openjdk-cygwin\jdk8u\hotspot\src\share\vm\classfile\systemDictionary.cpp, line 210]
Event: 7.875 Thread 0x0000000058ead800 Exception <a 'java/lang/ClassNotFoundException': org/gradle/api/AntBuilderCustomizer> (0x00000000e0cdfd10) thrown at [D:\src\AOSP-openjdk-cygwin\jdk8u\hotspot\src\share\vm\classfile\systemDictionary.cpp, line 210]
Event: 7.876 Thread 0x0000000058ead800 Exception <a 'java/lang/ClassNotFoundException': org/gradle/api/internal/project/ant/BasicAntBuilderCustomizer> (0x00000000e0d1c078) thrown at [D:\src\AOSP-openjdk-cygwin\jdk8u\hotspot\src\share\vm\classfile\systemDictionary.cpp, line 210]
Event: 7.877 Thread 0x0000000058ead800 Exception <a 'java/lang/ClassNotFoundException': org/gradle/api/internal/project/DefaultAntBuilderCustomizer> (0x00000000e0d5f160) thrown at [D:\src\AOSP-openjdk-cygwin\jdk8u\hotspot\src\share\vm\classfile\systemDictionary.cpp, line 210]
Event: 7.954 Thread 0x0000000058ead800 Implicit null exception at 0x0000000003146e05 to 0x00000000031470ed

Events (10 events):
Event: 8.453 loading class org/gradle/execution/taskgraph/DefaultTaskPlanExecutor
Event: 8.454 loading class org/gradle/execution/taskgraph/DefaultTaskPlanExecutor done
Event: 8.454 loading class org/gradle/internal/service/scopes/GradleScopeServices$3
Event: 8.454 loading class org/gradle/internal/service/scopes/GradleScopeServices$3 done
Event: 8.454 loading class org/gradle/execution/taskgraph/DefaultTaskGraphExecuter
Event: 8.454 loading class org/gradle/execution/taskgraph/DefaultTaskGraphExecuter done
Event: 8.455 loading class org/gradle/execution/taskgraph/TaskExecutionPlan
Event: 8.455 loading class org/gradle/execution/taskgraph/TaskExecutionPlan done
Event: 8.455 loading class org/gradle/execution/taskgraph/DefaultTaskGraphExecuter$TaskGraphState
Event: 8.455 loading class org/gradle/execution/taskgraph/DefaultTaskGraphExecuter$TaskGraphState done


Dynamic libraries:
0x000000013f560000 - 0x000000013f591000 	D:\as3\jre\bin\java.exe
0x00000000773c0000 - 0x000000007756a000 	C:\Windows\SYSTEM32\ntdll.dll
0x00000000772a0000 - 0x00000000773bf000 	C:\Windows\system32\kernel32.dll
0x000007fefcea0000 - 0x000007fefcf0a000 	C:\Windows\system32\KERNELBASE.dll
0x000007fefe6f0000 - 0x000007fefe7cb000 	C:\Windows\system32\ADVAPI32.dll
0x000007feff560000 - 0x000007feff5ff000 	C:\Windows\system32\msvcrt.dll
0x000007fefe9e0000 - 0x000007fefe9ff000 	C:\Windows\SYSTEM32\sechost.dll
0x000007fefd830000 - 0x000007fefd95d000 	C:\Windows\system32\RPCRT4.dll
0x0000000077060000 - 0x000000007715a000 	C:\Windows\system32\USER32.dll
0x000007fefef30000 - 0x000007fefef97000 	C:\Windows\system32\GDI32.dll
0x000007fefe7d0000 - 0x000007fefe7de000 	C:\Windows\system32\LPK.dll
0x000007feff2a0000 - 0x000007feff36a000 	C:\Windows\system32\USP10.dll
0x000007fefb640000 - 0x000007fefb834000 	C:\Windows\WinSxS\amd64_microsoft.windows.common-controls_6595b64144ccf1df_6.0.7601.18837_none_fa3b1e3d17594757\COMCTL32.dll
0x000007fefd7b0000 - 0x000007fefd821000 	C:\Windows\system32\SHLWAPI.dll
0x000007feff6a0000 - 0x000007feff6ce000 	C:\Windows\system32\IMM32.DLL
0x000007fefea00000 - 0x000007fefeb09000 	C:\Windows\system32\MSCTF.dll
0x000000006f7f0000 - 0x000000006f8c2000 	D:\as3\jre\jre\bin\msvcr100.dll
0x0000000065270000 - 0x0000000065aae000 	D:\as3\jre\jre\bin\server\jvm.dll
0x000007fef4b10000 - 0x000007fef4b19000 	C:\Windows\system32\WSOCK32.dll
0x000007fefeb10000 - 0x000007fefeb5d000 	C:\Windows\system32\WS2_32.dll
0x000007fefd4d0000 - 0x000007fefd4d8000 	C:\Windows\system32\NSI.dll
0x000007fefcf50000 - 0x000007fefcf8b000 	C:\Windows\system32\WINMM.dll
0x000007fefbf20000 - 0x000007fefbf2c000 	C:\Windows\system32\VERSION.dll
0x0000000077580000 - 0x0000000077587000 	C:\Windows\system32\PSAPI.DLL
0x000007feef0b0000 - 0x000007feef0bf000 	D:\as3\jre\jre\bin\verify.dll
0x000007feef010000 - 0x000007feef039000 	D:\as3\jre\jre\bin\java.dll
0x000007feeeff0000 - 0x000007feef006000 	D:\as3\jre\jre\bin\zip.dll
0x000007fefd960000 - 0x000007fefe6e9000 	C:\Windows\system32\SHELL32.dll
0x000007fefe7e0000 - 0x000007fefe9dc000 	C:\Windows\system32\ole32.dll
0x000007fefce90000 - 0x000007fefce9f000 	C:\Windows\system32\profapi.dll
0x000007feeefd0000 - 0x000007feeefea000 	D:\as3\jre\jre\bin\net.dll
0x000007fefc5f0000 - 0x000007fefc645000 	C:\Windows\system32\mswsock.dll
0x000007fefc5e0000 - 0x000007fefc5e7000 	C:\Windows\System32\wship6.dll
0x000007feeefb0000 - 0x000007feeefc1000 	D:\as3\jre\jre\bin\nio.dll
0x000007fef0640000 - 0x000007fef065e000 	C:\Users\Administrator\.gradle\native\25\windows-amd64\native-platform.dll
0x000007feeefa0000 - 0x000007feeefad000 	D:\as3\jre\jre\bin\management.dll
0x000007fefc650000 - 0x000007fefc668000 	C:\Windows\system32\CRYPTSP.dll
0x000007fefc350000 - 0x000007fefc397000 	C:\Windows\system32\rsaenh.dll
0x000007fefd230000 - 0x000007fefd24e000 	C:\Windows\system32\USERENV.dll
0x000007fefcce0000 - 0x000007fefccef000 	C:\Windows\system32\CRYPTBASE.dll
0x000007fefabe0000 - 0x000007fefac07000 	C:\Windows\system32\IPHLPAPI.DLL
0x000007fefabd0000 - 0x000007fefabdb000 	C:\Windows\system32\WINNSI.DLL
0x000007fef9a50000 - 0x000007fef9a61000 	C:\Windows\system32\dhcpcsvc6.DLL
0x000007fef9a30000 - 0x000007fef9a48000 	C:\Windows\system32\dhcpcsvc.DLL

VM Arguments:
jvm_args: -Xmx1536m -Dfile.encoding=GBK -Duser.country=CN -Duser.language=zh -Duser.variant 
java_command: org.gradle.launcher.daemon.bootstrap.GradleDaemon 4.1
java_class_path (initial): C:\Users\Administrator\.gradle\wrapper\dists\gradle-4.1-all\bzyivzo6n839fup2jbap0tjew\gradle-4.1\lib\gradle-launcher-4.1.jar
Launcher Type: SUN_STANDARD

Environment Variables:
JAVA_HOME=C:\Program Files\Java\jdk1.8.0_92
CLASSPATH=.;C:\Program Files\Java\jdk1.8.0_92\lib;C:\Program Files\Java\jdk1.8.0_92\lib\tools.jar
PATH=C:\Windows\system32;C:\Windows;C:\Windows\System32 \Wbem;C:\Windows\System32\WindowsPowerShell\v1.0\;C:\Program Files\Java\jdk1.8.0_92\bin;C:\Windows\system32;C:\Windows;C:\Windows\system32\wbem;C:\adb;D:\SDKAs\sdk\ndk-bundle;D:\Android Studio\gradle\gradle-2.10\bin;C:\Program Files\Git\cmd;C:\ProgramData\chocolatey\bin;%NDK_HOME %;D:\Program Files\nodejs\;C:\Program Files\Java\jdk1.8.0_92\bin;C:\Program Files\Java\jdk1.8.0_92\jre\bin;D:\SDKAs\sdk\tools;D:\SDKAs\sdk\platform-tools;D:\Program Files (x86)\MySQL\MySQL Server 5.5\bin;D:\TortoiseSVN\bin;D:\VisualSVN Server\bin;C:\Users\Administrator\AppData\Roaming\npm
USERNAME=Administrator
OS=Windows_NT
PROCESSOR_IDENTIFIER=Intel64 Family 6 Model 58 Stepping 9, GenuineIntel



---------------  S Y S T E M  ---------------

OS: Windows 7 , 64 bit Build 7601 (6.1.7601.23714)

CPU:total 4 (initial active 4) (4 cores per cpu, 1 threads per core) family 6 model 58 stepping 9, cmov, cx8, fxsr, mmx, sse, sse2, sse3, ssse3, sse4.1, sse4.2, popcnt, avx, aes, clmul, erms, tsc, tscinvbit, tscinv

Memory: 4k page, physical 8340160k(933300k free), swap 8338300k(4088k free)

vm_info: OpenJDK 64-Bit Server VM (25.152-b01) for windows-amd64 JRE (1.8.0_152-release-915-b01), built by "builder" with MS VC++ 10.0 (VS2010)

time: Wed Jan 31 17:26:48 2018
elapsed time: 8 seconds (0d 0h 0m 8s)

