#
# There is insufficient memory for the Java Runtime Environment to continue.
# Native memory allocation (malloc) failed to allocate 32744 bytes for ChunkPool::allocate
# Possible reasons:
#   The system is out of physical RAM or swap space
#   In 32 bit mode, the process size limit was hit
# Possible solutions:
#   Reduce memory load on the system
#   Increase physical memory or swap space
#   Check if swap backing store is full
#   Use 64 bit Java on a 64 bit OS
#   Decrease Java heap size (-Xmx/-Xms)
#   Decrease number of Java threads
#   Decrease Java thread stack sizes (-Xss)
#   Set larger code cache with -XX:ReservedCodeCacheSize=
# This output file may be truncated or incomplete.
#
#  Out of Memory Error (allocation.cpp:273), pid=3056, tid=0x0000000000002040
#
# JRE version: OpenJDK Runtime Environment (8.0_152-b01) (build 1.8.0_152-release-915-b01)
# Java VM: OpenJDK 64-Bit Server VM (25.152-b01 mixed mode windows-amd64 compressed oops)
# Failed to write core dump. Minidumps are not enabled by default on client versions of Windows
#

---------------  T H R E A D  ---------------

Current thread (0x0000000057740800):  JavaThread "C2 CompilerThread1" daemon [_thread_in_native, id=8256, stack(0x0000000058160000,0x0000000058260000)]

Stack: [0x0000000058160000,0x0000000058260000]
[error occurred during error reporting (printing stack bounds), id 0xc0000005]

Native frames: (J=compiled Java code, j=interpreted, Vv=VM code, C=native code)


Current CompileTask:
C2:  43154 6967       4       java.io.WinNTFileSystem::normalize (143 bytes)


---------------  P R O C E S S  ---------------

Java Threads: ( => current thread )
  0x0000000059e83800 JavaThread "Memory manager" [_thread_blocked, id=4272, stack(0x0000000062160000,0x0000000062260000)]
  0x0000000059e83000 JavaThread "build operations Thread 4" [_thread_blocked, id=8704, stack(0x0000000061880000,0x0000000061980000)]
  0x0000000059e82000 JavaThread "build operations Thread 3" [_thread_blocked, id=9344, stack(0x00000000616c0000,0x00000000617c0000)]
  0x0000000059e81800 JavaThread "build operations Thread 2" [_thread_blocked, id=9352, stack(0x000000005ead0000,0x000000005ebd0000)]
  0x0000000059e80800 JavaThread "build operations" [_thread_blocked, id=9336, stack(0x000000005d9b0000,0x000000005dab0000)]
  0x0000000059e7e800 JavaThread "Cache worker for Artifact transforms cache (C:\Users\Administrator\.gradle\caches\transforms-1)" [_thread_blocked, id=9288, stack(0x000000005bf80000,0x000000005c080000)]
  0x0000000059e60000 JavaThread "Cache worker for file hash cache (E:\zhh\MyAndroidProjects\LearnAndroidMVP\.gradle\4.1\fileHashes)" [_thread_blocked, id=9388, stack(0x00000000574d0000,0x00000000575d0000)]
  0x0000000059e2f800 JavaThread "File lock request listener" [_thread_in_native, id=9284, stack(0x000000005c490000,0x000000005c590000)]
  0x0000000059e6b000 JavaThread "Cache worker for file hash cache (C:\Users\Administrator\.gradle\caches\4.1\fileHashes)" [_thread_blocked, id=9400, stack(0x000000005c0a0000,0x000000005c1a0000)]
  0x00000000593a0000 JavaThread "Stdin handler" [_thread_blocked, id=9044, stack(0x000000005bd30000,0x000000005be30000)]
  0x000000005939c800 JavaThread "Asynchronous log dispatcher for DefaultDaemonConnection: socket connection from /127.0.0.1:54315 to /127.0.0.1:54316" [_thread_blocked, id=5124, stack(0x000000005be40000,0x000000005bf40000)]
  0x00000000593a6000 JavaThread "Daemon worker" [_thread_blocked, id=9528, stack(0x000000005bbf0000,0x000000005bcf0000)]
  0x0000000059392800 JavaThread "Cancel handler" [_thread_blocked, id=9520, stack(0x000000005ba20000,0x000000005bb20000)]
  0x00000000595ea000 JavaThread "Handler for socket connection from /127.0.0.1:54315 to /127.0.0.1:54316" [_thread_in_native, id=9484, stack(0x000000005b630000,0x000000005b730000)]
  0x00000000594c0000 JavaThread "Daemon" [_thread_blocked, id=9524, stack(0x0000000058dc0000,0x0000000058ec0000)]
  0x00000000594bf000 JavaThread "Daemon periodic checks" [_thread_blocked, id=7348, stack(0x000000005b4b0000,0x000000005b5b0000)]
  0x0000000059a62800 JavaThread "Incoming local TCP Connector on port 54315" [_thread_in_native, id=7608, stack(0x000000005b390000,0x000000005b490000)]
  0x00000000577bf800 JavaThread "Service Thread" daemon [_thread_blocked, id=4188, stack(0x00000000582d0000,0x00000000583d0000)]
  0x0000000057741800 JavaThread "C1 CompilerThread2" daemon [_thread_blocked, id=8988, stack(0x0000000057b60000,0x0000000057c60000)]
=>0x0000000057740800 JavaThread "C2 CompilerThread1" daemon [_thread_in_native, id=8256, stack(0x0000000058160000,0x0000000058260000)]
  0x000000005772a800 JavaThread "C2 CompilerThread0" daemon [_thread_in_native, id=844, stack(0x0000000057fd0000,0x00000000580d0000)]
  0x0000000056250800 JavaThread "Attach Listener" daemon [_thread_blocked, id=8348, stack(0x0000000057e90000,0x0000000057f90000)]
  0x000000005625f000 JavaThread "Signal Dispatcher" daemon [_thread_blocked, id=1432, stack(0x0000000057c90000,0x0000000057d90000)]
  0x0000000056238800 JavaThread "Finalizer" daemon [_thread_blocked, id=9068, stack(0x0000000057620000,0x0000000057720000)]
  0x00000000561f1800 JavaThread "Reference Handler" daemon [_thread_blocked, id=5092, stack(0x00000000573c0000,0x00000000574c0000)]
  0x00000000002af000 JavaThread "main" [_thread_blocked, id=6012, stack(0x0000000002550000,0x0000000002650000)]

Other Threads:
  0x00000000561ea000 VMThread [stack: 0x0000000057220000,0x0000000057320000] [id=8900]
  0x000000005777f000 WatcherThread [stack: 0x0000000058460000,0x0000000058560000] [id=7008]

VM state:at safepoint (normal execution)

VM Mutex/Monitor currently owned by a thread:  ([mutex/lock_event])
[0x00000000002acb50] Threads_lock - owner thread: 0x00000000561ea000
[0x00000000002ad050] Heap_lock - owner thread: 0x00000000593a6000

Heap:
 PSYoungGen      total 207872K, used 207848K [0x00000000e0000000, 0x00000000ee400000, 0x0000000100000000)
  eden space 190976K, 100% used [0x00000000e0000000,0x00000000eba80000,0x00000000eba80000)
  from space 16896K, 99% used [0x00000000ece00000,0x00000000ede7a370,0x00000000ede80000)
  to   space 19968K, 53% used [0x00000000eba80000,0x00000000ec4f12e0,0x00000000ece00000)
 ParOldGen       total 96256K, used 29722K [0x00000000a0000000, 0x00000000a5e00000, 0x00000000e0000000)
  object space 96256K, 30% used [0x00000000a0000000,0x00000000a1d06b78,0x00000000a5e00000)
 Metaspace       used 54117K, capacity 55874K, committed 56152K, reserved 1097728K
  class space    used 7307K, capacity 7794K, committed 7808K, reserved 1048576K

Card table byte_map: [0x0000000011a10000,0x0000000011d20000] byte_map_base: 0x0000000011510000

Marking Bits: (ParMarkBitMap*) 0x0000000065a33950
 Begin Bits: [0x0000000012560000, 0x0000000013d60000)
 End Bits:   [0x0000000013d60000, 0x0000000015560000)

Polling page: 0x0000000000240000

CodeCache: size=245760Kb used=22226Kb max_used=22226Kb free=223533Kb
 bounds [0x0000000002650000, 0x0000000003c20000, 0x0000000011650000]
 total_blobs=7152 nmethods=6394 adapters=670
 compilation: enabled

Compilation events (10 events):
Event: 43.097 Thread 0x0000000057741800 7182   !   3       com.sun.beans.finder.InstanceFinder::instantiate (39 bytes)
Event: 43.097 Thread 0x0000000057741800 nmethod 7182 0x0000000003c12790 code [0x0000000003c129e0, 0x0000000003c13848]
Event: 43.097 Thread 0x0000000057741800 7183   !   3       com.sun.beans.finder.ClassFinder::findClass (25 bytes)
Event: 43.097 Thread 0x0000000057741800 nmethod 7183 0x0000000003c140d0 code [0x0000000003c14260, 0x0000000003c144e8]
Event: 43.097 Thread 0x0000000057741800 7184   !   3       com.sun.beans.finder.ClassFinder::findClass (43 bytes)
Event: 43.099 Thread 0x0000000057741800 nmethod 7184 0x0000000003c145d0 code [0x0000000003c148a0, 0x0000000003c15de8]
Event: 43.099 Thread 0x0000000057741800 7185       1       java.beans.Introspector::getTargetDefaultEventIndex (5 bytes)
Event: 43.099 Thread 0x0000000057741800 nmethod 7185 0x0000000003c16a50 code [0x0000000003c16ba0, 0x0000000003c16cb0]
Event: 43.099 Thread 0x0000000057741800 7186       1       java.beans.Introspector::getTargetDefaultPropertyIndex (5 bytes)
Event: 43.099 Thread 0x0000000057741800 nmethod 7186 0x0000000003c16d10 code [0x0000000003c16e60, 0x0000000003c16f70]

GC Heap History (10 events):
Event: 6.570 GC heap after
Heap after GC invocations=8 (full 1):
 PSYoungGen      total 116736K, used 10278K [0x00000000e0000000, 0x00000000eb600000, 0x0000000100000000)
  eden space 105472K, 0% used [0x00000000e0000000,0x00000000e0000000,0x00000000e6700000)
  from space 11264K, 91% used [0x00000000e6700000,0x00000000e7109bc0,0x00000000e7200000)
  to   space 12288K, 0% used [0x00000000eaa00000,0x00000000eaa00000,0x00000000eb600000)
 ParOldGen       total 64512K, used 10774K [0x00000000a0000000, 0x00000000a3f00000, 0x00000000e0000000)
  object space 64512K, 16% used [0x00000000a0000000,0x00000000a0a859a0,0x00000000a3f00000)
 Metaspace       used 34477K, capacity 35300K, committed 35416K, reserved 1079296K
  class space    used 4693K, capacity 4974K, committed 4992K, reserved 1048576K
}
Event: 6.570 GC heap before
{Heap before GC invocations=9 (full 2):
 PSYoungGen      total 116736K, used 10278K [0x00000000e0000000, 0x00000000eb600000, 0x0000000100000000)
  eden space 105472K, 0% used [0x00000000e0000000,0x00000000e0000000,0x00000000e6700000)
  from space 11264K, 91% used [0x00000000e6700000,0x00000000e7109bc0,0x00000000e7200000)
  to   space 12288K, 0% used [0x00000000eaa00000,0x00000000eaa00000,0x00000000eb600000)
 ParOldGen       total 64512K, used 10774K [0x00000000a0000000, 0x00000000a3f00000, 0x00000000e0000000)
  object space 64512K, 16% used [0x00000000a0000000,0x00000000a0a859a0,0x00000000a3f00000)
 Metaspace       used 34477K, capacity 35300K, committed 35416K, reserved 1079296K
  class space    used 4693K, capacity 4974K, committed 4992K, reserved 1048576K
Event: 6.625 GC heap after
Heap after GC invocations=9 (full 2):
 PSYoungGen      total 116736K, used 0K [0x00000000e0000000, 0x00000000eb600000, 0x0000000100000000)
  eden space 105472K, 0% used [0x00000000e0000000,0x00000000e0000000,0x00000000e6700000)
  from space 11264K, 0% used [0x00000000e6700000,0x00000000e6700000,0x00000000e7200000)
  to   space 12288K, 0% used [0x00000000eaa00000,0x00000000eaa00000,0x00000000eb600000)
 ParOldGen       total 96256K, used 16461K [0x00000000a0000000, 0x00000000a5e00000, 0x00000000e0000000)
  object space 96256K, 17% used [0x00000000a0000000,0x00000000a10134b8,0x00000000a5e00000)
 Metaspace       used 34477K, capacity 35300K, committed 35416K, reserved 1079296K
  class space    used 4693K, capacity 4974K, committed 4992K, reserved 1048576K
}
Event: 7.700 GC heap before
{Heap before GC invocations=10 (full 2):
 PSYoungGen      total 116736K, used 105472K [0x00000000e0000000, 0x00000000eb600000, 0x0000000100000000)
  eden space 105472K, 100% used [0x00000000e0000000,0x00000000e6700000,0x00000000e6700000)
  from space 11264K, 0% used [0x00000000e6700000,0x00000000e6700000,0x00000000e7200000)
  to   space 12288K, 0% used [0x00000000eaa00000,0x00000000eaa00000,0x00000000eb600000)
 ParOldGen       total 96256K, used 16461K [0x00000000a0000000, 0x00000000a5e00000, 0x00000000e0000000)
  object space 96256K, 17% used [0x00000000a0000000,0x00000000a10134b8,0x00000000a5e00000)
 Metaspace       used 42064K, capacity 42974K, committed 43096K, reserved 1087488K
  class space    used 5632K, capacity 5963K, committed 6016K, reserved 1048576K
Event: 7.709 GC heap after
Heap after GC invocations=10 (full 2):
 PSYoungGen      total 167424K, used 12189K [0x00000000e0000000, 0x00000000eb600000, 0x0000000100000000)
  eden space 155136K, 0% used [0x00000000e0000000,0x00000000e0000000,0x00000000e9780000)
  from space 12288K, 99% used [0x00000000eaa00000,0x00000000eb5e7718,0x00000000eb600000)
  to   space 13824K, 0% used [0x00000000e9b00000,0x00000000e9b00000,0x00000000ea880000)
 ParOldGen       total 96256K, used 16469K [0x00000000a0000000, 0x00000000a5e00000, 0x00000000e0000000)
  object space 96256K, 17% used [0x00000000a0000000,0x00000000a10154b8,0x00000000a5e00000)
 Metaspace       used 42064K, capacity 42974K, committed 43096K, reserved 1087488K
  class space    used 5632K, capacity 5963K, committed 6016K, reserved 1048576K
}
Event: 15.009 GC heap before
{Heap before GC invocations=11 (full 2):
 PSYoungGen      total 167424K, used 167325K [0x00000000e0000000, 0x00000000eb600000, 0x0000000100000000)
  eden space 155136K, 100% used [0x00000000e0000000,0x00000000e9780000,0x00000000e9780000)
  from space 12288K, 99% used [0x00000000eaa00000,0x00000000eb5e7718,0x00000000eb600000)
  to   space 13824K, 0% used [0x00000000e9b00000,0x00000000e9b00000,0x00000000ea880000)
 ParOldGen       total 96256K, used 16469K [0x00000000a0000000, 0x00000000a5e00000, 0x00000000e0000000)
  object space 96256K, 17% used [0x00000000a0000000,0x00000000a10154b8,0x00000000a5e00000)
 Metaspace       used 47533K, capacity 48724K, committed 48984K, reserved 1091584K
  class space    used 6325K, capacity 6746K, committed 6784K, reserved 1048576K
Event: 15.026 GC heap after
Heap after GC invocations=11 (full 2):
 PSYoungGen      total 172544K, used 13800K [0x00000000e0000000, 0x00000000ede80000, 0x0000000100000000)
  eden space 158720K, 0% used [0x00000000e0000000,0x00000000e0000000,0x00000000e9b00000)
  from space 13824K, 99% used [0x00000000e9b00000,0x00000000ea87a3c0,0x00000000ea880000)
  to   space 16896K, 0% used [0x00000000ece00000,0x00000000ece00000,0x00000000ede80000)
 ParOldGen       total 96256K, used 20305K [0x00000000a0000000, 0x00000000a5e00000, 0x00000000e0000000)
  object space 96256K, 21% used [0x00000000a0000000,0x00000000a13d44d8,0x00000000a5e00000)
 Metaspace       used 47533K, capacity 48724K, committed 48984K, reserved 1091584K
  class space    used 6325K, capacity 6746K, committed 6784K, reserved 1048576K
}
Event: 21.653 GC heap before
{Heap before GC invocations=12 (full 2):
 PSYoungGen      total 172544K, used 172520K [0x00000000e0000000, 0x00000000ede80000, 0x0000000100000000)
  eden space 158720K, 100% used [0x00000000e0000000,0x00000000e9b00000,0x00000000e9b00000)
  from space 13824K, 99% used [0x00000000e9b00000,0x00000000ea87a3c0,0x00000000ea880000)
  to   space 16896K, 0% used [0x00000000ece00000,0x00000000ece00000,0x00000000ede80000)
 ParOldGen       total 96256K, used 20305K [0x00000000a0000000, 0x00000000a5e00000, 0x00000000e0000000)
  object space 96256K, 21% used [0x00000000a0000000,0x00000000a13d44d8,0x00000000a5e00000)
 Metaspace       used 47801K, capacity 49002K, committed 49240K, reserved 1091584K
  class space    used 6340K, capacity 6751K, committed 6784K, reserved 1048576K
Event: 21.667 GC heap after
Heap after GC invocations=12 (full 2):
 PSYoungGen      total 207872K, used 16872K [0x00000000e0000000, 0x00000000ee400000, 0x0000000100000000)
  eden space 190976K, 0% used [0x00000000e0000000,0x00000000e0000000,0x00000000eba80000)
  from space 16896K, 99% used [0x00000000ece00000,0x00000000ede7a370,0x00000000ede80000)
  to   space 19968K, 0% used [0x00000000eba80000,0x00000000eba80000,0x00000000ece00000)
 ParOldGen       total 96256K, used 22367K [0x00000000a0000000, 0x00000000a5e00000, 0x00000000e0000000)
  object space 96256K, 23% used [0x00000000a0000000,0x00000000a15d7c90,0x00000000a5e00000)
 Metaspace       used 47801K, capacity 49002K, committed 49240K, reserved 1091584K
  class space    used 6340K, capacity 6751K, committed 6784K, reserved 1048576K
}
Event: 43.100 GC heap before
{Heap before GC invocations=13 (full 2):
 PSYoungGen      total 207872K, used 207848K [0x00000000e0000000, 0x00000000ee400000, 0x0000000100000000)
  eden space 190976K, 100% used [0x00000000e0000000,0x00000000eba80000,0x00000000eba80000)
  from space 16896K, 99% used [0x00000000ece00000,0x00000000ede7a370,0x00000000ede80000)
  to   space 19968K, 0% used [0x00000000eba80000,0x00000000eba80000,0x00000000ece00000)
 ParOldGen       total 96256K, used 22367K [0x00000000a0000000, 0x00000000a5e00000, 0x00000000e0000000)
  object space 96256K, 23% used [0x00000000a0000000,0x00000000a15d7c90,0x00000000a5e00000)
 Metaspace       used 54117K, capacity 55874K, committed 56152K, reserved 1097728K
  class space    used 7307K, capacity 7794K, committed 7808K, reserved 1048576K

Deoptimization events (10 events):
Event: 42.725 Thread 0x00000000593a6000 Uncommon trap: reason=class_check action=maybe_recompile pc=0x0000000002a4fbcc method=org.gradle.internal.logging.text.AbstractLineChoppingStyledTextOutput$StateContext.flushLineText()V @ 110
Event: 42.725 Thread 0x00000000593a6000 Uncommon trap: reason=class_check action=maybe_recompile pc=0x0000000002a4fbcc method=org.gradle.internal.logging.text.AbstractLineChoppingStyledTextOutput$StateContext.flushLineText()V @ 110
Event: 42.795 Thread 0x00000000593a6000 Uncommon trap: reason=unstable_if action=reinterpret pc=0x0000000002fdb580 method=java.lang.reflect.AccessibleObject.setAccessible0(Ljava/lang/reflect/AccessibleObject;Z)V @ 23
Event: 42.936 Thread 0x00000000593a6000 Uncommon trap: reason=class_check action=maybe_recompile pc=0x000000000362c978 method=java.util.regex.Pattern$BnM.match(Ljava/util/regex/Matcher;ILjava/lang/CharSequence;)Z @ 111
Event: 43.041 Thread 0x00000000593a6000 Uncommon trap: reason=class_check action=maybe_recompile pc=0x0000000002e6b76c method=java.lang.Throwable.<init>(Ljava/lang/String;Ljava/lang/Throwable;)V @ 24
Event: 43.041 Thread 0x00000000593a6000 Uncommon trap: reason=class_check action=maybe_recompile pc=0x0000000002e6b76c method=java.lang.Throwable.<init>(Ljava/lang/String;Ljava/lang/Throwable;)V @ 24
Event: 43.042 Thread 0x00000000593a6000 Uncommon trap: reason=class_check action=maybe_recompile pc=0x0000000002e6b76c method=java.lang.Throwable.<init>(Ljava/lang/String;Ljava/lang/Throwable;)V @ 24
Event: 43.042 Thread 0x00000000593a6000 Uncommon trap: reason=class_check action=maybe_recompile pc=0x0000000002e6b76c method=java.lang.Throwable.<init>(Ljava/lang/String;Ljava/lang/Throwable;)V @ 24
Event: 43.059 Thread 0x00000000593a6000 Uncommon trap: reason=unstable_if action=reinterpret pc=0x000000000351002c method=groovy.lang.MetaClassImpl.checkIfStdMethod(Lgroovy/lang/MetaMethod;)V @ 167
Event: 43.063 Thread 0x00000000593a6000 Uncommon trap: reason=unstable_if action=reinterpret pc=0x0000000003522e4c method=groovy.lang.MetaClassImpl.checkIfStdMethod(Lgroovy/lang/MetaMethod;)V @ 167

Classes redefined (0 events):
No events

Internal exceptions (10 events):
Event: 43.084 Thread 0x00000000593a6000 Exception <a 'java/lang/ClassNotFoundException': org/jetbrains/plugins/gradle/tooling/builder/TasksFactoryCustomizer> (0x00000000eb828ce0) thrown at [D:\src\AOSP-openjdk-cygwin\jdk8u\hotspot\src\share\vm\classfile\systemDictionary.cpp, line 210]
Event: 43.086 Thread 0x00000000593a6000 Exception <a 'java/lang/ClassNotFoundException': org/jetbrains/plugins/gradle/tooling/util/SourceSetCachedFinderBeanInfo> (0x00000000eb86bd08) thrown at [D:\src\AOSP-openjdk-cygwin\jdk8u\hotspot\src\share\vm\classfile\systemDictionary.cpp, line 210]
Event: 43.087 Thread 0x00000000593a6000 Exception <a 'java/lang/ClassNotFoundException': org/jetbrains/plugins/gradle/tooling/util/SourceSetCachedFinderCustomizer> (0x00000000eb87b570) thrown at [D:\src\AOSP-openjdk-cygwin\jdk8u\hotspot\src\share\vm\classfile\systemDictionary.cpp, line 210]
Event: 43.089 Thread 0x00000000593a6000 Exception <a 'java/lang/ClassNotFoundException': java/util/TreeSetBeanInfo> (0x00000000eb8c18c0) thrown at [D:\src\AOSP-openjdk-cygwin\jdk8u\hotspot\src\share\vm\classfile\systemDictionary.cpp, line 210]
Event: 43.089 Thread 0x00000000593a6000 Exception <a 'java/lang/ClassNotFoundException': java/util/TreeSetCustomizer> (0x00000000eb8c87c0) thrown at [D:\src\AOSP-openjdk-cygwin\jdk8u\hotspot\src\share\vm\classfile\systemDictionary.cpp, line 210]
Event: 43.092 Thread 0x00000000593a6000 Exception <a 'java/lang/ClassNotFoundException': org/gradle/api/plugins/JavaPluginConventionBeanInfo> (0x00000000eb932278) thrown at [D:\src\AOSP-openjdk-cygwin\jdk8u\hotspot\src\share\vm\classfile\systemDictionary.cpp, line 210]
Event: 43.093 Thread 0x00000000593a6000 Exception <a 'java/lang/ClassNotFoundException': org/gradle/api/plugins/JavaPluginConventionCustomizer> (0x00000000eb952ab8) thrown at [D:\src\AOSP-openjdk-cygwin\jdk8u\hotspot\src\share\vm\classfile\systemDictionary.cpp, line 210]
Event: 43.097 Thread 0x00000000593a6000 Exception <a 'java/lang/ClassNotFoundException': org/gradle/api/internal/tasks/DefaultSourceSetContainer_DecoratedBeanInfo> (0x00000000eba0af30) thrown at [D:\src\AOSP-openjdk-cygwin\jdk8u\hotspot\src\share\vm\classfile\systemDictionary.cpp, line 210]
Event: 43.097 Thread 0x00000000593a6000 Exception <a 'java/lang/ClassNotFoundException': org/gradle/api/internal/tasks/DefaultSourceSetContainerBeanInfo> (0x00000000eba2f0f8) thrown at [D:\src\AOSP-openjdk-cygwin\jdk8u\hotspot\src\share\vm\classfile\systemDictionary.cpp, line 210]
Event: 43.097 Thread 0x00000000593a6000 Exception <a 'java/lang/ClassNotFoundException': org/gradle/api/internal/tasks/DefaultSourceSetContainerCustomizer> (0x00000000eba53ae0) thrown at [D:\src\AOSP-openjdk-cygwin\jdk8u\hotspot\src\share\vm\classfile\systemDictionary.cpp, line 210]

Events (10 events):
Event: 43.097 loading class org/gradle/api/internal/tasks/DefaultSourceSetContainerBeanInfo done
Event: 43.097 loading class org/gradle/api/internal/tasks/DefaultSourceSetContainerCustomizer
Event: 43.097 loading class org/gradle/api/internal/tasks/DefaultSourceSetContainerCustomizer done
Event: 43.097 loading class org/gradle/api/internal/tasks/DefaultSourceSetContainerCustomizer
Event: 43.097 loading class org/gradle/api/internal/tasks/DefaultSourceSetContainerCustomizer done
Event: 43.097 loading class org/gradle/api/internal/tasks/DefaultSourceSetContainerCustomizer
Event: 43.097 loading class org/gradle/api/internal/tasks/DefaultSourceSetContainerCustomizer done
Event: 43.099 loading class org/gradle/api/internal/tasks/DefaultSourceSetContainer_DecoratedCustomizer
Event: 43.099 loading class org/gradle/api/internal/tasks/DefaultSourceSetContainer_DecoratedCustomizer done
Event: 43.100 Executing VM operation: ParallelGCFailedAllocation


Dynamic libraries:
0x000000013f560000 - 0x000000013f591000 	D:\as3\jre\bin\java.exe
0x00000000773c0000 - 0x000000007756a000 	C:\Windows\SYSTEM32\ntdll.dll
0x00000000772a0000 - 0x00000000773bf000 	C:\Windows\system32\kernel32.dll
0x000007fefcea0000 - 0x000007fefcf0a000 	C:\Windows\system32\KERNELBASE.dll
0x000007fefe6f0000 - 0x000007fefe7cb000 	C:\Windows\system32\ADVAPI32.dll
0x000007feff560000 - 0x000007feff5ff000 	C:\Windows\system32\msvcrt.dll
0x000007fefe9e0000 - 0x000007fefe9ff000 	C:\Windows\SYSTEM32\sechost.dll
0x000007fefd830000 - 0x000007fefd95d000 	C:\Windows\system32\RPCRT4.dll
0x0000000077060000 - 0x000000007715a000 	C:\Windows\system32\USER32.dll
0x000007fefef30000 - 0x000007fefef97000 	C:\Windows\system32\GDI32.dll
0x000007fefe7d0000 - 0x000007fefe7de000 	C:\Windows\system32\LPK.dll
0x000007feff2a0000 - 0x000007feff36a000 	C:\Windows\system32\USP10.dll
0x000007fefb640000 - 0x000007fefb834000 	C:\Windows\WinSxS\amd64_microsoft.windows.common-controls_6595b64144ccf1df_6.0.7601.18837_none_fa3b1e3d17594757\COMCTL32.dll
0x000007fefd7b0000 - 0x000007fefd821000 	C:\Windows\system32\SHLWAPI.dll
0x000007feff6a0000 - 0x000007feff6ce000 	C:\Windows\system32\IMM32.DLL
0x000007fefea00000 - 0x000007fefeb09000 	C:\Windows\system32\MSCTF.dll
0x000000006f7f0000 - 0x000000006f8c2000 	D:\as3\jre\jre\bin\msvcr100.dll
0x0000000065270000 - 0x0000000065aae000 	D:\as3\jre\jre\bin\server\jvm.dll
0x000007fef4b10000 - 0x000007fef4b19000 	C:\Windows\system32\WSOCK32.dll
0x000007fefeb10000 - 0x000007fefeb5d000 	C:\Windows\system32\WS2_32.dll
0x000007fefd4d0000 - 0x000007fefd4d8000 	C:\Windows\system32\NSI.dll
0x000007fefcf50000 - 0x000007fefcf8b000 	C:\Windows\system32\WINMM.dll
0x000007fefbf20000 - 0x000007fefbf2c000 	C:\Windows\system32\VERSION.dll
0x0000000077580000 - 0x0000000077587000 	C:\Windows\system32\PSAPI.DLL
0x000007feef0b0000 - 0x000007feef0bf000 	D:\as3\jre\jre\bin\verify.dll
0x000007feef010000 - 0x000007feef039000 	D:\as3\jre\jre\bin\java.dll
0x000007feeeff0000 - 0x000007feef006000 	D:\as3\jre\jre\bin\zip.dll
0x000007fefd960000 - 0x000007fefe6e9000 	C:\Windows\system32\SHELL32.dll
0x000007fefe7e0000 - 0x000007fefe9dc000 	C:\Windows\system32\ole32.dll
0x000007fefce90000 - 0x000007fefce9f000 	C:\Windows\system32\profapi.dll
0x000007feeefd0000 - 0x000007feeefea000 	D:\as3\jre\jre\bin\net.dll
0x000007fefc5f0000 - 0x000007fefc645000 	C:\Windows\system32\mswsock.dll
0x000007fefc5e0000 - 0x000007fefc5e7000 	C:\Windows\System32\wship6.dll
0x000007feeefb0000 - 0x000007feeefc1000 	D:\as3\jre\jre\bin\nio.dll
0x000007fef0640000 - 0x000007fef065e000 	C:\Users\Administrator\.gradle\native\25\windows-amd64\native-platform.dll
0x000007feeefa0000 - 0x000007feeefad000 	D:\as3\jre\jre\bin\management.dll
0x000007fefc650000 - 0x000007fefc668000 	C:\Windows\system32\CRYPTSP.dll
0x000007fefc350000 - 0x000007fefc397000 	C:\Windows\system32\rsaenh.dll
0x000007fefd230000 - 0x000007fefd24e000 	C:\Windows\system32\USERENV.dll
0x000007fefcce0000 - 0x000007fefccef000 	C:\Windows\system32\CRYPTBASE.dll
0x000007fefabe0000 - 0x000007fefac07000 	C:\Windows\system32\IPHLPAPI.DLL
0x000007fefabd0000 - 0x000007fefabdb000 	C:\Windows\system32\WINNSI.DLL
0x000007fef9a50000 - 0x000007fef9a61000 	C:\Windows\system32\dhcpcsvc6.DLL
0x000007fef9a30000 - 0x000007fef9a48000 	C:\Windows\system32\dhcpcsvc.DLL

VM Arguments:
jvm_args: -Xmx1536m -Dfile.encoding=GBK -Duser.country=CN -Duser.language=zh -Duser.variant 
java_command: org.gradle.launcher.daemon.bootstrap.GradleDaemon 4.1
java_class_path (initial): C:\Users\Administrator\.gradle\wrapper\dists\gradle-4.1-all\bzyivzo6n839fup2jbap0tjew\gradle-4.1\lib\gradle-launcher-4.1.jar
Launcher Type: SUN_STANDARD

Environment Variables:
JAVA_HOME=C:\Program Files\Java\jdk1.8.0_92
CLASSPATH=.;C:\Program Files\Java\jdk1.8.0_92\lib;C:\Program Files\Java\jdk1.8.0_92\lib\tools.jar
PATH=C:\Windows\system32;C:\Windows;C:\Windows\System32 \Wbem;C:\Windows\System32\WindowsPowerShell\v1.0\;C:\Program Files\Java\jdk1.8.0_92\bin;C:\Windows\system32;C:\Windows;C:\Windows\system32\wbem;C:\adb;D:\SDKAs\sdk\ndk-bundle;D:\Android Studio\gradle\gradle-2.10\bin;C:\Program Files\Git\cmd;C:\ProgramData\chocolatey\bin;%NDK_HOME %;D:\Program Files\nodejs\;C:\Program Files\Java\jdk1.8.0_92\bin;C:\Program Files\Java\jdk1.8.0_92\jre\bin;D:\SDKAs\sdk\tools;D:\SDKAs\sdk\platform-tools;D:\Program Files (x86)\MySQL\MySQL Server 5.5\bin;D:\TortoiseSVN\bin;D:\VisualSVN Server\bin;C:\Users\Administrator\AppData\Roaming\npm
USERNAME=Administrator
OS=Windows_NT
PROCESSOR_IDENTIFIER=Intel64 Family 6 Model 58 Stepping 9, GenuineIntel



---------------  S Y S T E M  ---------------

OS: Windows 7 , 64 bit Build 7601 (6.1.7601.23714)

CPU:total 4 (initial active 4) (4 cores per cpu, 1 threads per core) family 6 model 58 stepping 9, cmov, cx8, fxsr, mmx, sse, sse2, sse3, ssse3, sse4.1, sse4.2, popcnt, avx, aes, clmul, erms, tsc, tscinvbit, tscinv

Memory: 4k page, physical 8340160k(932756k free), swap 8338300k(5148k free)

vm_info: OpenJDK 64-Bit Server VM (25.152-b01) for windows-amd64 JRE (1.8.0_152-release-915-b01), built by "builder" with MS VC++ 10.0 (VS2010)

time: Wed Jan 31 17:28:20 2018
elapsed time: 43 seconds (0d 0h 0m 43s)

